{"/Users/ahmadnajamazizi/Workplace/Temp/Scalable Capital/frontend-test-assignment-refactored/src/app.js": {"path":"/Users/ahmadnajamazizi/Workplace/Temp/Scalable Capital/frontend-test-assignment-refactored/src/app.js","statementMap":{"0":{"start":{"line":4,"column":12},"end":{"line":10,"column":1}},"1":{"start":{"line":5,"column":4},"end":{"line":9,"column":6}}},"fnMap":{"0":{"name":"(anonymous_0)","decl":{"start":{"line":4,"column":12},"end":{"line":4,"column":13}},"loc":{"start":{"line":4,"column":18},"end":{"line":10,"column":1}},"line":4}},"branchMap":{},"s":{"0":0,"1":0},"f":{"0":0},"b":{}}
,"/Users/ahmadnajamazizi/Workplace/Temp/Scalable Capital/frontend-test-assignment-refactored/src/index.js": {"path":"/Users/ahmadnajamazizi/Workplace/Temp/Scalable Capital/frontend-test-assignment-refactored/src/index.js","statementMap":{"0":{"start":{"line":4,"column":0},"end":{"line":4,"column":58}}},"fnMap":{},"branchMap":{},"s":{"0":0},"f":{},"b":{}}
,"/Users/ahmadnajamazizi/Workplace/Temp/Scalable Capital/frontend-test-assignment-refactored/src/api/constants.js": {"path":"/Users/ahmadnajamazizi/Workplace/Temp/Scalable Capital/frontend-test-assignment-refactored/src/api/constants.js","statementMap":{"0":{"start":{"line":1,"column":30},"end":{"line":1,"column":42}}},"fnMap":{},"branchMap":{},"s":{"0":1},"f":{},"b":{},"_coverageSchema":"1a1c01bbd47fc00a2c39e90264f33305004495a9","hash":"57654d3f982acf81d3c01a4e321e6497e3e4acc7"}
,"/Users/ahmadnajamazizi/Workplace/Temp/Scalable Capital/frontend-test-assignment-refactored/src/api/index.js": {"path":"/Users/ahmadnajamazizi/Workplace/Temp/Scalable Capital/frontend-test-assignment-refactored/src/api/index.js","statementMap":{"0":{"start":{"line":6,"column":16},"end":{"line":6,"column":39}},"1":{"start":{"line":7,"column":12},"end":{"line":13,"column":2}},"2":{"start":{"line":15,"column":28},"end":{"line":21,"column":1}},"3":{"start":{"line":16,"column":23},"end":{"line":16,"column":52}},"4":{"start":{"line":16,"column":29},"end":{"line":16,"column":52}},"5":{"start":{"line":18,"column":4},"end":{"line":20,"column":6}}},"fnMap":{"0":{"name":"(anonymous_0)","decl":{"start":{"line":15,"column":28},"end":{"line":15,"column":29}},"loc":{"start":{"line":15,"column":34},"end":{"line":21,"column":1}},"line":15},"1":{"name":"(anonymous_1)","decl":{"start":{"line":16,"column":23},"end":{"line":16,"column":24}},"loc":{"start":{"line":16,"column":29},"end":{"line":16,"column":52}},"line":16}},"branchMap":{},"s":{"0":1,"1":1,"2":1,"3":1,"4":1,"5":1},"f":{"0":1,"1":1},"b":{},"_coverageSchema":"1a1c01bbd47fc00a2c39e90264f33305004495a9","hash":"deac8ac60444b790a0760cae142abb6872c793fc"}
,"/Users/ahmadnajamazizi/Workplace/Temp/Scalable Capital/frontend-test-assignment-refactored/src/components/index.js": {"path":"/Users/ahmadnajamazizi/Workplace/Temp/Scalable Capital/frontend-test-assignment-refactored/src/components/index.js","statementMap":{},"fnMap":{},"branchMap":{},"s":{},"f":{},"b":{},"_coverageSchema":"1a1c01bbd47fc00a2c39e90264f33305004495a9","hash":"2150cedb7755de8f152b502d51dd6e8df1caf1c2"}
,"/Users/ahmadnajamazizi/Workplace/Temp/Scalable Capital/frontend-test-assignment-refactored/src/components/Chart/index.js": {"path":"/Users/ahmadnajamazizi/Workplace/Temp/Scalable Capital/frontend-test-assignment-refactored/src/components/Chart/index.js","statementMap":{"0":{"start":{"line":5,"column":21},"end":{"line":90,"column":1}},"1":{"start":{"line":8,"column":22},"end":{"line":8,"column":34}},"2":{"start":{"line":10,"column":4},"end":{"line":12,"column":11}},"3":{"start":{"line":11,"column":8},"end":{"line":11,"column":20}},"4":{"start":{"line":14,"column":22},"end":{"line":78,"column":5}},"5":{"start":{"line":15,"column":23},"end":{"line":15,"column":87}},"6":{"start":{"line":15,"column":53},"end":{"line":15,"column":86}},"7":{"start":{"line":16,"column":27},"end":{"line":16,"column":29}},"8":{"start":{"line":17,"column":25},"end":{"line":17,"column":27}},"9":{"start":{"line":18,"column":24},"end":{"line":18,"column":26}},"10":{"start":{"line":19,"column":8},"end":{"line":23,"column":11}},"11":{"start":{"line":20,"column":12},"end":{"line":20,"column":36}},"12":{"start":{"line":21,"column":12},"end":{"line":21,"column":35}},"13":{"start":{"line":22,"column":12},"end":{"line":22,"column":34}},"14":{"start":{"line":24,"column":24},"end":{"line":45,"column":9}},"15":{"start":{"line":46,"column":23},"end":{"line":75,"column":9}},"16":{"start":{"line":76,"column":24},"end":{"line":76,"column":60}},"17":{"start":{"line":77,"column":8},"end":{"line":77,"column":37}},"18":{"start":{"line":80,"column":4},"end":{"line":89,"column":6}},"19":{"start":{"line":84,"column":32},"end":{"line":84,"column":55}},"20":{"start":{"line":92,"column":0},"end":{"line":94,"column":2}},"21":{"start":{"line":96,"column":0},"end":{"line":98,"column":2}}},"fnMap":{"0":{"name":"(anonymous_0)","decl":{"start":{"line":5,"column":21},"end":{"line":5,"column":22}},"loc":{"start":{"line":7,"column":6},"end":{"line":90,"column":1}},"line":7},"1":{"name":"(anonymous_1)","decl":{"start":{"line":10,"column":14},"end":{"line":10,"column":15}},"loc":{"start":{"line":10,"column":20},"end":{"line":12,"column":5}},"line":10},"2":{"name":"(anonymous_2)","decl":{"start":{"line":14,"column":22},"end":{"line":14,"column":23}},"loc":{"start":{"line":14,"column":28},"end":{"line":78,"column":5}},"line":14},"3":{"name":"(anonymous_3)","decl":{"start":{"line":15,"column":39},"end":{"line":15,"column":40}},"loc":{"start":{"line":15,"column":53},"end":{"line":15,"column":86}},"line":15},"4":{"name":"(anonymous_4)","decl":{"start":{"line":19,"column":28},"end":{"line":19,"column":29}},"loc":{"start":{"line":19,"column":62},"end":{"line":23,"column":9}},"line":19},"5":{"name":"(anonymous_5)","decl":{"start":{"line":84,"column":21},"end":{"line":84,"column":22}},"loc":{"start":{"line":84,"column":30},"end":{"line":84,"column":57}},"line":84}},"branchMap":{"0":{"loc":{"start":{"line":15,"column":53},"end":{"line":15,"column":86}},"type":"cond-expr","locations":[{"start":{"line":15,"column":71},"end":{"line":15,"column":81}},{"start":{"line":15,"column":84},"end":{"line":15,"column":86}}],"line":15}},"s":{"0":2,"1":1,"2":1,"3":1,"4":1,"5":1,"6":121,"7":1,"8":1,"9":1,"10":1,"11":121,"12":121,"13":121,"14":1,"15":1,"16":1,"17":1,"18":1,"19":2,"20":2,"21":2},"f":{"0":1,"1":1,"2":1,"3":121,"4":121,"5":2},"b":{"0":[11,110]},"_coverageSchema":"1a1c01bbd47fc00a2c39e90264f33305004495a9","hash":"0dfc16a47e700333c47d71e6ec9d6ce8ccb3e6a7"}
,"/Users/ahmadnajamazizi/Workplace/Temp/Scalable Capital/frontend-test-assignment-refactored/src/components/CustomFilter/index.js": {"path":"/Users/ahmadnajamazizi/Workplace/Temp/Scalable Capital/frontend-test-assignment-refactored/src/components/CustomFilter/index.js","statementMap":{"0":{"start":{"line":4,"column":28},"end":{"line":73,"column":1}},"1":{"start":{"line":9,"column":51},"end":{"line":9,"column":64}},"2":{"start":{"line":10,"column":20},"end":{"line":10,"column":22}},"3":{"start":{"line":12,"column":4},"end":{"line":16,"column":6}},"4":{"start":{"line":13,"column":8},"end":{"line":15,"column":9}},"5":{"start":{"line":18,"column":21},"end":{"line":22,"column":10}},"6":{"start":{"line":19,"column":8},"end":{"line":22,"column":10}},"7":{"start":{"line":24,"column":4},"end":{"line":72,"column":6}},"8":{"start":{"line":30,"column":57},"end":{"line":30,"column":93}},"9":{"start":{"line":40,"column":57},"end":{"line":40,"column":94}},"10":{"start":{"line":49,"column":57},"end":{"line":49,"column":89}},"11":{"start":{"line":58,"column":57},"end":{"line":58,"column":94}},"12":{"start":{"line":67,"column":57},"end":{"line":67,"column":98}},"13":{"start":{"line":75,"column":0},"end":{"line":77,"column":2}},"14":{"start":{"line":79,"column":0},"end":{"line":83,"column":2}}},"fnMap":{"0":{"name":"(anonymous_0)","decl":{"start":{"line":4,"column":28},"end":{"line":4,"column":29}},"loc":{"start":{"line":8,"column":6},"end":{"line":73,"column":1}},"line":8},"1":{"name":"(anonymous_1)","decl":{"start":{"line":12,"column":22},"end":{"line":12,"column":23}},"loc":{"start":{"line":13,"column":8},"end":{"line":15,"column":9}},"line":13},"2":{"name":"(anonymous_2)","decl":{"start":{"line":18,"column":21},"end":{"line":18,"column":22}},"loc":{"start":{"line":19,"column":8},"end":{"line":22,"column":10}},"line":19},"3":{"name":"(anonymous_3)","decl":{"start":{"line":30,"column":30},"end":{"line":30,"column":31}},"loc":{"start":{"line":30,"column":57},"end":{"line":30,"column":93}},"line":30},"4":{"name":"(anonymous_4)","decl":{"start":{"line":40,"column":30},"end":{"line":40,"column":31}},"loc":{"start":{"line":40,"column":57},"end":{"line":40,"column":94}},"line":40},"5":{"name":"(anonymous_5)","decl":{"start":{"line":49,"column":30},"end":{"line":49,"column":31}},"loc":{"start":{"line":49,"column":57},"end":{"line":49,"column":89}},"line":49},"6":{"name":"(anonymous_6)","decl":{"start":{"line":58,"column":30},"end":{"line":58,"column":31}},"loc":{"start":{"line":58,"column":57},"end":{"line":58,"column":94}},"line":58},"7":{"name":"(anonymous_7)","decl":{"start":{"line":67,"column":30},"end":{"line":67,"column":31}},"loc":{"start":{"line":67,"column":57},"end":{"line":67,"column":98}},"line":67}},"branchMap":{},"s":{"0":2,"1":2,"2":2,"3":2,"4":23,"5":2,"6":0,"7":2,"8":0,"9":0,"10":0,"11":0,"12":0,"13":2,"14":2},"f":{"0":2,"1":23,"2":0,"3":0,"4":0,"5":0,"6":0,"7":0},"b":{},"_coverageSchema":"1a1c01bbd47fc00a2c39e90264f33305004495a9","hash":"08487561a2a9dbb15b91c0f840efa9ebb319f940"}
,"/Users/ahmadnajamazizi/Workplace/Temp/Scalable Capital/frontend-test-assignment-refactored/src/components/Table/index.js": {"path":"/Users/ahmadnajamazizi/Workplace/Temp/Scalable Capital/frontend-test-assignment-refactored/src/components/Table/index.js","statementMap":{"0":{"start":{"line":4,"column":21},"end":{"line":29,"column":1}},"1":{"start":{"line":7,"column":4},"end":{"line":28,"column":12}},"2":{"start":{"line":19,"column":20},"end":{"line":24,"column":25}},"3":{"start":{"line":31,"column":0},"end":{"line":33,"column":2}},"4":{"start":{"line":35,"column":0},"end":{"line":37,"column":2}}},"fnMap":{"0":{"name":"(anonymous_0)","decl":{"start":{"line":4,"column":21},"end":{"line":4,"column":22}},"loc":{"start":{"line":7,"column":4},"end":{"line":28,"column":12}},"line":7},"1":{"name":"(anonymous_1)","decl":{"start":{"line":18,"column":32},"end":{"line":18,"column":33}},"loc":{"start":{"line":19,"column":20},"end":{"line":24,"column":25}},"line":19}},"branchMap":{},"s":{"0":2,"1":2,"2":121,"3":2,"4":2},"f":{"0":2,"1":121},"b":{},"_coverageSchema":"1a1c01bbd47fc00a2c39e90264f33305004495a9","hash":"224f4c37133a346bfdbca96e019216343e1dee50"}
,"/Users/ahmadnajamazizi/Workplace/Temp/Scalable Capital/frontend-test-assignment-refactored/src/fixtures/testData.js": {"path":"/Users/ahmadnajamazizi/Workplace/Temp/Scalable Capital/frontend-test-assignment-refactored/src/fixtures/testData.js","statementMap":{"0":{"start":{"line":1,"column":26},"end":{"line":607,"column":1}},"1":{"start":{"line":608,"column":28},"end":{"line":608,"column":113}},"2":{"start":{"line":609,"column":29},"end":{"line":615,"column":1}}},"fnMap":{},"branchMap":{},"s":{"0":3,"1":3,"2":3},"f":{},"b":{},"_coverageSchema":"1a1c01bbd47fc00a2c39e90264f33305004495a9","hash":"515f52a7ba96fe639241d19d41c3e09ef630dd98"}
,"/Users/ahmadnajamazizi/Workplace/Temp/Scalable Capital/frontend-test-assignment-refactored/src/navigation/constants.js": {"path":"/Users/ahmadnajamazizi/Workplace/Temp/Scalable Capital/frontend-test-assignment-refactored/src/navigation/constants.js","statementMap":{"0":{"start":{"line":1,"column":27},"end":{"line":1,"column":35}},"1":{"start":{"line":2,"column":27},"end":{"line":2,"column":35}}},"fnMap":{},"branchMap":{},"s":{"0":1,"1":1},"f":{},"b":{},"_coverageSchema":"1a1c01bbd47fc00a2c39e90264f33305004495a9","hash":"1e7ed4e118ff440415a2b4ac9707da21137555ff"}
,"/Users/ahmadnajamazizi/Workplace/Temp/Scalable Capital/frontend-test-assignment-refactored/src/navigation/index.js": {"path":"/Users/ahmadnajamazizi/Workplace/Temp/Scalable Capital/frontend-test-assignment-refactored/src/navigation/index.js","statementMap":{"0":{"start":{"line":9,"column":12},"end":{"line":9,"column":33}},"1":{"start":{"line":11,"column":26},"end":{"line":70,"column":1}},"2":{"start":{"line":12,"column":38},"end":{"line":12,"column":52}},"3":{"start":{"line":13,"column":40},"end":{"line":13,"column":52}},"4":{"start":{"line":14,"column":44},"end":{"line":14,"column":58}},"5":{"start":{"line":15,"column":46},"end":{"line":21,"column":6}},"6":{"start":{"line":23,"column":4},"end":{"line":31,"column":11}},"7":{"start":{"line":24,"column":8},"end":{"line":30,"column":15}},"8":{"start":{"line":26,"column":16},"end":{"line":26,"column":39}},"9":{"start":{"line":29,"column":16},"end":{"line":29,"column":66}},"10":{"start":{"line":33,"column":4},"end":{"line":53,"column":35}},"11":{"start":{"line":34,"column":8},"end":{"line":52,"column":9}},"12":{"start":{"line":35,"column":25},"end":{"line":35,"column":99}},"13":{"start":{"line":35,"column":52},"end":{"line":35,"column":95}},"14":{"start":{"line":36,"column":33},"end":{"line":36,"column":72}},"15":{"start":{"line":36,"column":57},"end":{"line":36,"column":71}},"16":{"start":{"line":37,"column":39},"end":{"line":37,"column":73}},"17":{"start":{"line":37,"column":67},"end":{"line":37,"column":72}},"18":{"start":{"line":38,"column":34},"end":{"line":38,"column":38}},"19":{"start":{"line":39,"column":59},"end":{"line":39,"column":72}},"20":{"start":{"line":41,"column":12},"end":{"line":41,"column":48}},"21":{"start":{"line":42,"column":12},"end":{"line":51,"column":14}},"22":{"start":{"line":55,"column":4},"end":{"line":69,"column":6}},"23":{"start":{"line":62,"column":60},"end":{"line":62,"column":91}},"24":{"start":{"line":64,"column":55},"end":{"line":64,"column":88}},"25":{"start":{"line":65,"column":59},"end":{"line":65,"column":92}},"26":{"start":{"line":66,"column":59},"end":{"line":66,"column":92}}},"fnMap":{"0":{"name":"(anonymous_0)","decl":{"start":{"line":11,"column":26},"end":{"line":11,"column":27}},"loc":{"start":{"line":11,"column":32},"end":{"line":70,"column":1}},"line":11},"1":{"name":"(anonymous_1)","decl":{"start":{"line":23,"column":14},"end":{"line":23,"column":15}},"loc":{"start":{"line":23,"column":20},"end":{"line":31,"column":5}},"line":23},"2":{"name":"(anonymous_2)","decl":{"start":{"line":25,"column":18},"end":{"line":25,"column":19}},"loc":{"start":{"line":25,"column":27},"end":{"line":27,"column":13}},"line":25},"3":{"name":"(anonymous_3)","decl":{"start":{"line":28,"column":19},"end":{"line":28,"column":20}},"loc":{"start":{"line":28,"column":26},"end":{"line":30,"column":13}},"line":28},"4":{"name":"(anonymous_4)","decl":{"start":{"line":33,"column":14},"end":{"line":33,"column":15}},"loc":{"start":{"line":33,"column":20},"end":{"line":53,"column":5}},"line":33},"5":{"name":"(anonymous_5)","decl":{"start":{"line":35,"column":43},"end":{"line":35,"column":44}},"loc":{"start":{"line":35,"column":52},"end":{"line":35,"column":95}},"line":35},"6":{"name":"(anonymous_6)","decl":{"start":{"line":36,"column":48},"end":{"line":36,"column":49}},"loc":{"start":{"line":36,"column":57},"end":{"line":36,"column":71}},"line":36},"7":{"name":"(anonymous_7)","decl":{"start":{"line":37,"column":57},"end":{"line":37,"column":58}},"loc":{"start":{"line":37,"column":67},"end":{"line":37,"column":72}},"line":37},"8":{"name":"(anonymous_8)","decl":{"start":{"line":62,"column":43},"end":{"line":62,"column":44}},"loc":{"start":{"line":62,"column":60},"end":{"line":62,"column":91}},"line":62},"9":{"name":"(anonymous_9)","decl":{"start":{"line":64,"column":49},"end":{"line":64,"column":50}},"loc":{"start":{"line":64,"column":55},"end":{"line":64,"column":88}},"line":64},"10":{"name":"(anonymous_10)","decl":{"start":{"line":65,"column":53},"end":{"line":65,"column":54}},"loc":{"start":{"line":65,"column":59},"end":{"line":65,"column":92}},"line":65},"11":{"name":"(anonymous_11)","decl":{"start":{"line":66,"column":53},"end":{"line":66,"column":54}},"loc":{"start":{"line":66,"column":59},"end":{"line":66,"column":92}},"line":66}},"branchMap":{"0":{"loc":{"start":{"line":34,"column":8},"end":{"line":52,"column":9}},"type":"if","locations":[{"start":{"line":34,"column":8},"end":{"line":52,"column":9}},{"start":{"line":34,"column":8},"end":{"line":52,"column":9}}],"line":34}},"s":{"0":1,"1":1,"2":1,"3":1,"4":1,"5":1,"6":1,"7":1,"8":0,"9":0,"10":1,"11":1,"12":0,"13":0,"14":0,"15":0,"16":0,"17":0,"18":0,"19":0,"20":0,"21":0,"22":1,"23":0,"24":1,"25":0,"26":0},"f":{"0":1,"1":1,"2":0,"3":0,"4":1,"5":0,"6":0,"7":0,"8":0,"9":1,"10":0,"11":0},"b":{"0":[0,1]},"_coverageSchema":"1a1c01bbd47fc00a2c39e90264f33305004495a9","hash":"4835185ce0f37849f5246eb4cffcf5b5b4a44028"}
,"/Users/ahmadnajamazizi/Workplace/Temp/Scalable Capital/frontend-test-assignment-refactored/src/navigation/Menu/index.js": {"path":"/Users/ahmadnajamazizi/Workplace/Temp/Scalable Capital/frontend-test-assignment-refactored/src/navigation/Menu/index.js","statementMap":{"0":{"start":{"line":4,"column":20},"end":{"line":23,"column":1}},"1":{"start":{"line":5,"column":4},"end":{"line":22,"column":7}}},"fnMap":{"0":{"name":"(anonymous_0)","decl":{"start":{"line":4,"column":20},"end":{"line":4,"column":21}},"loc":{"start":{"line":5,"column":4},"end":{"line":22,"column":7}},"line":5}},"branchMap":{},"s":{"0":2,"1":2},"f":{"0":2},"b":{},"_coverageSchema":"1a1c01bbd47fc00a2c39e90264f33305004495a9","hash":"1afb9300ba9c1913bdacc0b4cc874626bab4be02"}
,"/Users/ahmadnajamazizi/Workplace/Temp/Scalable Capital/frontend-test-assignment-refactored/src/utils/index.js": {"path":"/Users/ahmadnajamazizi/Workplace/Temp/Scalable Capital/frontend-test-assignment-refactored/src/utils/index.js","statementMap":{"0":{"start":{"line":1,"column":16},"end":{"line":12,"column":1}},"1":{"start":{"line":2,"column":25},"end":{"line":2,"column":33}},"2":{"start":{"line":3,"column":26},"end":{"line":3,"column":43}},"3":{"start":{"line":4,"column":18},"end":{"line":4,"column":24}},"4":{"start":{"line":5,"column":19},"end":{"line":5,"column":215}},"5":{"start":{"line":7,"column":4},"end":{"line":11,"column":6}},"6":{"start":{"line":14,"column":28},"end":{"line":22,"column":1}},"7":{"start":{"line":15,"column":19},"end":{"line":15,"column":21}},"8":{"start":{"line":17,"column":4},"end":{"line":19,"column":5}},"9":{"start":{"line":17,"column":17},"end":{"line":17,"column":18}},"10":{"start":{"line":18,"column":8},"end":{"line":18,"column":84}},"11":{"start":{"line":21,"column":4},"end":{"line":21,"column":18}}},"fnMap":{"0":{"name":"(anonymous_0)","decl":{"start":{"line":1,"column":16},"end":{"line":1,"column":17}},"loc":{"start":{"line":1,"column":67},"end":{"line":12,"column":1}},"line":1},"1":{"name":"(anonymous_1)","decl":{"start":{"line":14,"column":28},"end":{"line":14,"column":29}},"loc":{"start":{"line":14,"column":83},"end":{"line":22,"column":1}},"line":14}},"branchMap":{},"s":{"0":1,"1":0,"2":0,"3":0,"4":0,"5":0,"6":1,"7":0,"8":0,"9":0,"10":0,"11":0},"f":{"0":0,"1":0},"b":{},"_coverageSchema":"1a1c01bbd47fc00a2c39e90264f33305004495a9","hash":"0cc5027cdea3f8ee6b4593c51128cdf8651cc3da"}
}
